{"C:\\Users\\HieuNgoXuan\\Documents\\Antigravity\\flexible-request-management\\app\\request-management\\src\\components\\shared\\GlobalToast.tsx": {"path":"C:\\Users\\HieuNgoXuan\\Documents\\Antigravity\\flexible-request-management\\app\\request-management\\src\\components\\shared\\GlobalToast.tsx","statementMap":{"0":{"start":{"line":11,"column":27},"end":{"line":98,"column":null}},"1":{"start":{"line":12,"column":28},"end":{"line":12,"column":null}},"2":{"start":{"line":14,"column":4},"end":{"line":37,"column":null}},"3":{"start":{"line":15,"column":17},"end":{"line":15,"column":null}},"4":{"start":{"line":17,"column":25},"end":{"line":25,"column":null}},"5":{"start":{"line":18,"column":28},"end":{"line":18,"column":null}},"6":{"start":{"line":19,"column":12},"end":{"line":19,"column":null}},"7":{"start":{"line":19,"column":30},"end":{"line":19,"column":71}},"8":{"start":{"line":22,"column":12},"end":{"line":24,"column":null}},"9":{"start":{"line":23,"column":16},"end":{"line":23,"column":null}},"10":{"start":{"line":23,"column":34},"end":{"line":23,"column":68}},"11":{"start":{"line":23,"column":51},"end":{"line":23,"column":67}},"12":{"start":{"line":27,"column":31},"end":{"line":27,"column":null}},"13":{"start":{"line":27,"column":48},"end":{"line":27,"column":null}},"14":{"start":{"line":28,"column":32},"end":{"line":28,"column":null}},"15":{"start":{"line":28,"column":49},"end":{"line":28,"column":null}},"16":{"start":{"line":30,"column":8},"end":{"line":30,"column":null}},"17":{"start":{"line":31,"column":8},"end":{"line":31,"column":null}},"18":{"start":{"line":33,"column":8},"end":{"line":36,"column":null}},"19":{"start":{"line":34,"column":12},"end":{"line":34,"column":null}},"20":{"start":{"line":35,"column":12},"end":{"line":35,"column":null}},"21":{"start":{"line":39,"column":24},"end":{"line":41,"column":null}},"22":{"start":{"line":40,"column":8},"end":{"line":40,"column":null}},"23":{"start":{"line":40,"column":26},"end":{"line":40,"column":55}},"24":{"start":{"line":40,"column":43},"end":{"line":40,"column":54}},"25":{"start":{"line":43,"column":27},"end":{"line":52,"column":null}},"26":{"start":{"line":44,"column":8},"end":{"line":51,"column":null}},"27":{"start":{"line":46,"column":16},"end":{"line":46,"column":null}},"28":{"start":{"line":48,"column":16},"end":{"line":48,"column":null}},"29":{"start":{"line":50,"column":16},"end":{"line":50,"column":null}},"30":{"start":{"line":54,"column":20},"end":{"line":63,"column":null}},"31":{"start":{"line":55,"column":8},"end":{"line":62,"column":null}},"32":{"start":{"line":57,"column":16},"end":{"line":57,"column":null}},"33":{"start":{"line":59,"column":16},"end":{"line":59,"column":null}},"34":{"start":{"line":61,"column":16},"end":{"line":61,"column":null}},"35":{"start":{"line":66,"column":24},"end":{"line":68,"column":null}},"36":{"start":{"line":67,"column":8},"end":{"line":67,"column":null}},"37":{"start":{"line":70,"column":4},"end":{"line":70,"column":null}},"38":{"start":{"line":70,"column":29},"end":{"line":70,"column":null}},"39":{"start":{"line":72,"column":4},"end":{"line":96,"column":null}},"40":{"start":{"line":78,"column":16},"end":{"line":94,"column":null}},"41":{"start":{"line":88,"column":39},"end":{"line":88,"column":null}}},"fnMap":{"0":{"name":"(anonymous_0)","decl":{"start":{"line":11,"column":27},"end":{"line":11,"column":33}},"loc":{"start":{"line":11,"column":33},"end":{"line":98,"column":null}},"line":11},"1":{"name":"(anonymous_1)","decl":{"start":{"line":14,"column":14},"end":{"line":14,"column":20}},"loc":{"start":{"line":14,"column":20},"end":{"line":37,"column":7}},"line":14},"2":{"name":"(anonymous_2)","decl":{"start":{"line":17,"column":25},"end":{"line":17,"column":26}},"loc":{"start":{"line":17,"column":82},"end":{"line":25,"column":null}},"line":17},"3":{"name":"(anonymous_3)","decl":{"start":{"line":19,"column":22},"end":{"line":19,"column":30}},"loc":{"start":{"line":19,"column":30},"end":{"line":19,"column":71}},"line":19},"4":{"name":"(anonymous_4)","decl":{"start":{"line":22,"column":23},"end":{"line":22,"column":29}},"loc":{"start":{"line":22,"column":29},"end":{"line":24,"column":15}},"line":22},"5":{"name":"(anonymous_5)","decl":{"start":{"line":23,"column":26},"end":{"line":23,"column":34}},"loc":{"start":{"line":23,"column":34},"end":{"line":23,"column":68}},"line":23},"6":{"name":"(anonymous_6)","decl":{"start":{"line":23,"column":46},"end":{"line":23,"column":51}},"loc":{"start":{"line":23,"column":51},"end":{"line":23,"column":67}},"line":23},"7":{"name":"(anonymous_7)","decl":{"start":{"line":27,"column":31},"end":{"line":27,"column":32}},"loc":{"start":{"line":27,"column":48},"end":{"line":27,"column":null}},"line":27},"8":{"name":"(anonymous_8)","decl":{"start":{"line":28,"column":32},"end":{"line":28,"column":33}},"loc":{"start":{"line":28,"column":49},"end":{"line":28,"column":null}},"line":28},"9":{"name":"(anonymous_9)","decl":{"start":{"line":33,"column":15},"end":{"line":33,"column":21}},"loc":{"start":{"line":33,"column":21},"end":{"line":36,"column":null}},"line":33},"10":{"name":"(anonymous_10)","decl":{"start":{"line":39,"column":24},"end":{"line":39,"column":25}},"loc":{"start":{"line":39,"column":40},"end":{"line":41,"column":null}},"line":39},"11":{"name":"(anonymous_11)","decl":{"start":{"line":40,"column":18},"end":{"line":40,"column":26}},"loc":{"start":{"line":40,"column":26},"end":{"line":40,"column":55}},"line":40},"12":{"name":"(anonymous_12)","decl":{"start":{"line":40,"column":38},"end":{"line":40,"column":43}},"loc":{"start":{"line":40,"column":43},"end":{"line":40,"column":54}},"line":40},"13":{"name":"(anonymous_13)","decl":{"start":{"line":43,"column":27},"end":{"line":43,"column":28}},"loc":{"start":{"line":43,"column":59},"end":{"line":52,"column":null}},"line":43},"14":{"name":"(anonymous_14)","decl":{"start":{"line":54,"column":20},"end":{"line":54,"column":21}},"loc":{"start":{"line":54,"column":52},"end":{"line":63,"column":null}},"line":54},"15":{"name":"(anonymous_15)","decl":{"start":{"line":66,"column":24},"end":{"line":66,"column":25}},"loc":{"start":{"line":66,"column":80},"end":{"line":68,"column":null}},"line":66},"16":{"name":"(anonymous_16)","decl":{"start":{"line":77,"column":24},"end":{"line":77,"column":null}},"loc":{"start":{"line":78,"column":16},"end":{"line":94,"column":null}},"line":78},"17":{"name":"(anonymous_17)","decl":{"start":{"line":88,"column":33},"end":{"line":88,"column":39}},"loc":{"start":{"line":88,"column":39},"end":{"line":88,"column":null}},"line":88}},"branchMap":{"0":{"loc":{"start":{"line":44,"column":8},"end":{"line":51,"column":null}},"type":"switch","locations":[{"start":{"line":45,"column":12},"end":{"line":46,"column":null}},{"start":{"line":47,"column":12},"end":{"line":48,"column":null}},{"start":{"line":49,"column":12},"end":{"line":50,"column":null}}],"line":44},"1":{"loc":{"start":{"line":55,"column":8},"end":{"line":62,"column":null}},"type":"switch","locations":[{"start":{"line":56,"column":12},"end":{"line":57,"column":null}},{"start":{"line":58,"column":12},"end":{"line":59,"column":null}},{"start":{"line":60,"column":12},"end":{"line":61,"column":null}}],"line":55},"2":{"loc":{"start":{"line":67,"column":15},"end":{"line":67,"column":null}},"type":"cond-expr","locations":[{"start":{"line":67,"column":34},"end":{"line":67,"column":48}},{"start":{"line":67,"column":48},"end":{"line":67,"column":null}}],"line":67},"3":{"loc":{"start":{"line":70,"column":4},"end":{"line":70,"column":null}},"type":"if","locations":[{"start":{"line":70,"column":4},"end":{"line":70,"column":null}},{"start":{},"end":{}}],"line":70},"4":{"loc":{"start":{"line":80,"column":26},"end":{"line":80,"column":null}},"type":"cond-expr","locations":[{"start":{"line":80,"column":51},"end":{"line":80,"column":61}},{"start":{"line":80,"column":61},"end":{"line":80,"column":null}}],"line":80}},"s":{"0":1,"1":21,"2":21,"3":10,"4":10,"5":11,"6":11,"7":11,"8":11,"9":11,"10":1,"11":1,"12":10,"13":4,"14":10,"15":7,"16":10,"17":10,"18":10,"19":10,"20":10,"21":21,"22":1,"23":1,"24":1,"25":21,"26":11,"27":4,"28":0,"29":7,"30":21,"31":11,"32":4,"33":0,"34":7,"35":21,"36":11,"37":21,"38":12,"39":9,"40":11,"41":1},"f":{"0":21,"1":10,"2":11,"3":11,"4":11,"5":1,"6":1,"7":4,"8":7,"9":10,"10":1,"11":1,"12":1,"13":11,"14":11,"15":11,"16":11,"17":1},"b":{"0":[4,0,7],"1":[4,0,7],"2":[4,7],"3":[12,9],"4":[4,7]},"meta":{"lastBranch":5,"lastFunction":18,"lastStatement":42,"seen":{"s:11:27:98:Infinity":0,"f:11:27:11:33":0,"s:12:28:12:Infinity":1,"s:14:4:37:Infinity":2,"f:14:14:14:20":1,"s:15:17:15:Infinity":3,"s:17:25:25:Infinity":4,"f:17:25:17:26":2,"s:18:28:18:Infinity":5,"s:19:12:19:Infinity":6,"f:19:22:19:30":3,"s:19:30:19:71":7,"s:22:12:24:Infinity":8,"f:22:23:22:29":4,"s:23:16:23:Infinity":9,"f:23:26:23:34":5,"s:23:34:23:68":10,"f:23:46:23:51":6,"s:23:51:23:67":11,"s:27:31:27:Infinity":12,"f:27:31:27:32":7,"s:27:48:27:Infinity":13,"s:28:32:28:Infinity":14,"f:28:32:28:33":8,"s:28:49:28:Infinity":15,"s:30:8:30:Infinity":16,"s:31:8:31:Infinity":17,"s:33:8:36:Infinity":18,"f:33:15:33:21":9,"s:34:12:34:Infinity":19,"s:35:12:35:Infinity":20,"s:39:24:41:Infinity":21,"f:39:24:39:25":10,"s:40:8:40:Infinity":22,"f:40:18:40:26":11,"s:40:26:40:55":23,"f:40:38:40:43":12,"s:40:43:40:54":24,"s:43:27:52:Infinity":25,"f:43:27:43:28":13,"b:45:12:46:Infinity:47:12:48:Infinity:49:12:50:Infinity":0,"s:44:8:51:Infinity":26,"s:46:16:46:Infinity":27,"s:48:16:48:Infinity":28,"s:50:16:50:Infinity":29,"s:54:20:63:Infinity":30,"f:54:20:54:21":14,"b:56:12:57:Infinity:58:12:59:Infinity:60:12:61:Infinity":1,"s:55:8:62:Infinity":31,"s:57:16:57:Infinity":32,"s:59:16:59:Infinity":33,"s:61:16:61:Infinity":34,"s:66:24:68:Infinity":35,"f:66:24:66:25":15,"s:67:8:67:Infinity":36,"b:67:34:67:48:67:48:67:Infinity":2,"b:70:4:70:Infinity:undefined:undefined:undefined:undefined":3,"s:70:4:70:Infinity":37,"s:70:29:70:Infinity":38,"s:72:4:96:Infinity":39,"f:77:24:77:Infinity":16,"s:78:16:94:Infinity":40,"b:80:51:80:61:80:61:80:Infinity":4,"f:88:33:88:39":17,"s:88:39:88:Infinity":41}}}
,"C:\\Users\\HieuNgoXuan\\Documents\\Antigravity\\flexible-request-management\\app\\request-management\\src\\components\\ui\\Badge.tsx": {"path":"C:\\Users\\HieuNgoXuan\\Documents\\Antigravity\\flexible-request-management\\app\\request-management\\src\\components\\ui\\Badge.tsx","statementMap":{"0":{"start":{"line":6,"column":6},"end":{"line":34,"column":null}},"1":{"start":{"line":41,"column":2},"end":{"line":42,"column":null}}},"fnMap":{"0":{"name":"Badge","decl":{"start":{"line":40,"column":9},"end":{"line":40,"column":15}},"loc":{"start":{"line":40,"column":61},"end":{"line":44,"column":null}},"line":40}},"branchMap":{},"s":{"0":1,"1":10},"f":{"0":10},"b":{},"meta":{"lastBranch":0,"lastFunction":1,"lastStatement":2,"seen":{"s:6:6:34:Infinity":0,"f:40:9:40:15":0,"s:41:2:42:Infinity":1}}}
,"C:\\Users\\HieuNgoXuan\\Documents\\Antigravity\\flexible-request-management\\app\\request-management\\src\\components\\ui\\Button.tsx": {"path":"C:\\Users\\HieuNgoXuan\\Documents\\Antigravity\\flexible-request-management\\app\\request-management\\src\\components\\ui\\Button.tsx","statementMap":{"0":{"start":{"line":7,"column":6},"end":{"line":37,"column":null}},"1":{"start":{"line":45,"column":15},"end":{"line":56,"column":null}},"2":{"start":{"line":47,"column":17},"end":{"line":47,"column":null}},"3":{"start":{"line":48,"column":4},"end":{"line":53,"column":null}},"4":{"start":{"line":57,"column":0},"end":{"line":57,"column":null}}},"fnMap":{"0":{"name":"(anonymous_0)","decl":{"start":{"line":46,"column":2},"end":{"line":46,"column":3}},"loc":{"start":{"line":46,"column":68},"end":{"line":55,"column":null}},"line":46}},"branchMap":{"0":{"loc":{"start":{"line":46,"column":31},"end":{"line":46,"column":48}},"type":"default-arg","locations":[{"start":{"line":46,"column":41},"end":{"line":46,"column":48}}],"line":46},"1":{"loc":{"start":{"line":47,"column":17},"end":{"line":47,"column":null}},"type":"cond-expr","locations":[{"start":{"line":47,"column":27},"end":{"line":47,"column":34}},{"start":{"line":47,"column":34},"end":{"line":47,"column":null}}],"line":47}},"s":{"0":2,"1":2,"2":23,"3":23,"4":2},"f":{"0":23},"b":{"0":[23],"1":[1,22]},"meta":{"lastBranch":2,"lastFunction":1,"lastStatement":5,"seen":{"s:7:6:37:Infinity":0,"s:45:15:56:Infinity":1,"f:46:2:46:3":0,"b:46:41:46:48":0,"s:47:17:47:Infinity":2,"b:47:27:47:34:47:34:47:Infinity":1,"s:48:4:53:Infinity":3,"s:57:0:57:Infinity":4}}}
,"C:\\Users\\HieuNgoXuan\\Documents\\Antigravity\\flexible-request-management\\app\\request-management\\src\\components\\ui\\Drawer.tsx": {"path":"C:\\Users\\HieuNgoXuan\\Documents\\Antigravity\\flexible-request-management\\app\\request-management\\src\\components\\ui\\Drawer.tsx","statementMap":{"0":{"start":{"line":19,"column":16},"end":{"line":24,"column":null}},"1":{"start":{"line":29,"column":45},"end":{"line":168,"column":null}},"2":{"start":{"line":38,"column":22},"end":{"line":38,"column":null}},"3":{"start":{"line":39,"column":27},"end":{"line":39,"column":null}},"4":{"start":{"line":40,"column":34},"end":{"line":40,"column":null}},"5":{"start":{"line":43,"column":33},"end":{"line":54,"column":null}},"6":{"start":{"line":44,"column":8},"end":{"line":44,"column":null}},"7":{"start":{"line":44,"column":32},"end":{"line":44,"column":null}},"8":{"start":{"line":45,"column":35},"end":{"line":52,"column":null}},"9":{"start":{"line":53,"column":8},"end":{"line":53,"column":null}},"10":{"start":{"line":57,"column":26},"end":{"line":81,"column":null}},"11":{"start":{"line":58,"column":8},"end":{"line":61,"column":null}},"12":{"start":{"line":59,"column":12},"end":{"line":59,"column":null}},"13":{"start":{"line":60,"column":12},"end":{"line":60,"column":null}},"14":{"start":{"line":63,"column":8},"end":{"line":63,"column":null}},"15":{"start":{"line":63,"column":29},"end":{"line":63,"column":null}},"16":{"start":{"line":65,"column":34},"end":{"line":65,"column":null}},"17":{"start":{"line":66,"column":8},"end":{"line":66,"column":null}},"18":{"start":{"line":66,"column":44},"end":{"line":66,"column":null}},"19":{"start":{"line":68,"column":29},"end":{"line":68,"column":null}},"20":{"start":{"line":69,"column":28},"end":{"line":69,"column":null}},"21":{"start":{"line":72,"column":8},"end":{"line":80,"column":null}},"22":{"start":{"line":73,"column":12},"end":{"line":73,"column":null}},"23":{"start":{"line":74,"column":12},"end":{"line":74,"column":null}},"24":{"start":{"line":75,"column":8},"end":{"line":80,"column":null}},"25":{"start":{"line":78,"column":12},"end":{"line":78,"column":null}},"26":{"start":{"line":79,"column":12},"end":{"line":79,"column":null}},"27":{"start":{"line":84,"column":4},"end":{"line":108,"column":null}},"28":{"start":{"line":85,"column":8},"end":{"line":97,"column":null}},"29":{"start":{"line":87,"column":12},"end":{"line":87,"column":null}},"30":{"start":{"line":90,"column":12},"end":{"line":92,"column":null}},"31":{"start":{"line":91,"column":16},"end":{"line":91,"column":null}},"32":{"start":{"line":95,"column":12},"end":{"line":95,"column":null}},"33":{"start":{"line":96,"column":12},"end":{"line":96,"column":null}},"34":{"start":{"line":99,"column":8},"end":{"line":107,"column":null}},"35":{"start":{"line":100,"column":12},"end":{"line":100,"column":null}},"36":{"start":{"line":101,"column":12},"end":{"line":101,"column":null}},"37":{"start":{"line":104,"column":12},"end":{"line":106,"column":null}},"38":{"start":{"line":105,"column":16},"end":{"line":105,"column":null}},"39":{"start":{"line":110,"column":29},"end":{"line":110,"column":null}},"40":{"start":{"line":112,"column":4},"end":{"line":166,"column":null}}},"fnMap":{"0":{"name":"(anonymous_0)","decl":{"start":{"line":29,"column":45},"end":{"line":29,"column":46}},"loc":{"start":{"line":37,"column":6},"end":{"line":168,"column":null}},"line":37},"1":{"name":"(anonymous_1)","decl":{"start":{"line":43,"column":51},"end":{"line":43,"column":57}},"loc":{"start":{"line":43,"column":57},"end":{"line":54,"column":7}},"line":43},"2":{"name":"(anonymous_2)","decl":{"start":{"line":57,"column":44},"end":{"line":57,"column":45}},"loc":{"start":{"line":57,"column":66},"end":{"line":81,"column":7}},"line":57},"3":{"name":"(anonymous_3)","decl":{"start":{"line":84,"column":20},"end":{"line":84,"column":26}},"loc":{"start":{"line":84,"column":26},"end":{"line":108,"column":7}},"line":84},"4":{"name":"(anonymous_4)","decl":{"start":{"line":90,"column":23},"end":{"line":90,"column":29}},"loc":{"start":{"line":90,"column":29},"end":{"line":92,"column":15}},"line":90},"5":{"name":"(anonymous_5)","decl":{"start":{"line":99,"column":15},"end":{"line":99,"column":21}},"loc":{"start":{"line":99,"column":21},"end":{"line":107,"column":null}},"line":99}},"branchMap":{"0":{"loc":{"start":{"line":34,"column":4},"end":{"line":34,"column":null}},"type":"default-arg","locations":[{"start":{"line":34,"column":11},"end":{"line":34,"column":null}}],"line":34},"1":{"loc":{"start":{"line":44,"column":8},"end":{"line":44,"column":null}},"type":"if","locations":[{"start":{"line":44,"column":8},"end":{"line":44,"column":null}},{"start":{},"end":{}}],"line":44},"2":{"loc":{"start":{"line":58,"column":8},"end":{"line":61,"column":null}},"type":"if","locations":[{"start":{"line":58,"column":8},"end":{"line":61,"column":null}},{"start":{},"end":{}}],"line":58},"3":{"loc":{"start":{"line":63,"column":8},"end":{"line":63,"column":null}},"type":"if","locations":[{"start":{"line":63,"column":8},"end":{"line":63,"column":null}},{"start":{},"end":{}}],"line":63},"4":{"loc":{"start":{"line":66,"column":8},"end":{"line":66,"column":null}},"type":"if","locations":[{"start":{"line":66,"column":8},"end":{"line":66,"column":null}},{"start":{},"end":{}}],"line":66},"5":{"loc":{"start":{"line":72,"column":8},"end":{"line":80,"column":null}},"type":"if","locations":[{"start":{"line":72,"column":8},"end":{"line":80,"column":null}},{"start":{"line":75,"column":8},"end":{"line":80,"column":null}}],"line":72},"6":{"loc":{"start":{"line":72,"column":12},"end":{"line":72,"column":67}},"type":"binary-expr","locations":[{"start":{"line":72,"column":12},"end":{"line":72,"column":26}},{"start":{"line":72,"column":26},"end":{"line":72,"column":67}}],"line":72},"7":{"loc":{"start":{"line":75,"column":8},"end":{"line":80,"column":null}},"type":"if","locations":[{"start":{"line":75,"column":8},"end":{"line":80,"column":null}},{"start":{},"end":{}}],"line":75},"8":{"loc":{"start":{"line":77,"column":17},"end":{"line":77,"column":72}},"type":"binary-expr","locations":[{"start":{"line":77,"column":17},"end":{"line":77,"column":32}},{"start":{"line":77,"column":32},"end":{"line":77,"column":72}}],"line":77},"9":{"loc":{"start":{"line":85,"column":8},"end":{"line":97,"column":null}},"type":"if","locations":[{"start":{"line":85,"column":8},"end":{"line":97,"column":null}},{"start":{},"end":{}}],"line":85},"10":{"loc":{"start":{"line":104,"column":12},"end":{"line":106,"column":null}},"type":"if","locations":[{"start":{"line":104,"column":12},"end":{"line":106,"column":null}},{"start":{},"end":{}}],"line":104},"11":{"loc":{"start":{"line":104,"column":16},"end":{"line":104,"column":58}},"type":"binary-expr","locations":[{"start":{"line":104,"column":16},"end":{"line":104,"column":27}},{"start":{"line":104,"column":27},"end":{"line":104,"column":58}}],"line":104},"12":{"loc":{"start":{"line":110,"column":29},"end":{"line":110,"column":null}},"type":"binary-expr","locations":[{"start":{"line":110,"column":29},"end":{"line":110,"column":40}},{"start":{"line":110,"column":40},"end":{"line":110,"column":null}}],"line":110},"13":{"loc":{"start":{"line":114,"column":13},"end":{"line":164,"column":null}},"type":"binary-expr","locations":[{"start":{"line":114,"column":13},"end":{"line":114,"column":null}},{"start":{"line":115,"column":16},"end":{"line":164,"column":null}}],"line":114},"14":{"loc":{"start":{"line":146,"column":33},"end":{"line":146,"column":null}},"type":"binary-expr","locations":[{"start":{"line":146,"column":33},"end":{"line":146,"column":42}},{"start":{"line":146,"column":42},"end":{"line":146,"column":null}}],"line":146}},"s":{"0":1,"1":1,"2":14,"3":14,"4":14,"5":14,"6":0,"7":0,"8":0,"9":0,"10":14,"11":1,"12":1,"13":1,"14":0,"15":0,"16":0,"17":0,"18":0,"19":0,"20":0,"21":0,"22":0,"23":0,"24":0,"25":0,"26":0,"27":14,"28":12,"29":10,"30":10,"31":4,"32":10,"33":10,"34":12,"35":12,"36":12,"37":12,"38":1,"39":14,"40":14},"f":{"0":14,"1":0,"2":1,"3":12,"4":4,"5":12},"b":{"0":[14],"1":[0,0],"2":[1,0],"3":[0,0],"4":[0,0],"5":[0,0],"6":[0,0],"7":[0,0],"8":[0,0],"9":[10,2],"10":[1,11],"11":[12,2],"12":[14,14],"13":[14,12],"14":[12,1]},"meta":{"lastBranch":15,"lastFunction":6,"lastStatement":41,"seen":{"s:19:16:24:Infinity":0,"s:29:45:168:Infinity":1,"f:29:45:29:46":0,"b:34:11:34:Infinity":0,"s:38:22:38:Infinity":2,"s:39:27:39:Infinity":3,"s:40:34:40:Infinity":4,"s:43:33:54:Infinity":5,"f:43:51:43:57":1,"b:44:8:44:Infinity:undefined:undefined:undefined:undefined":1,"s:44:8:44:Infinity":6,"s:44:32:44:Infinity":7,"s:45:35:52:Infinity":8,"s:53:8:53:Infinity":9,"s:57:26:81:Infinity":10,"f:57:44:57:45":2,"b:58:8:61:Infinity:undefined:undefined:undefined:undefined":2,"s:58:8:61:Infinity":11,"s:59:12:59:Infinity":12,"s:60:12:60:Infinity":13,"b:63:8:63:Infinity:undefined:undefined:undefined:undefined":3,"s:63:8:63:Infinity":14,"s:63:29:63:Infinity":15,"s:65:34:65:Infinity":16,"b:66:8:66:Infinity:undefined:undefined:undefined:undefined":4,"s:66:8:66:Infinity":17,"s:66:44:66:Infinity":18,"s:68:29:68:Infinity":19,"s:69:28:69:Infinity":20,"b:72:8:80:Infinity:75:8:80:Infinity":5,"s:72:8:80:Infinity":21,"b:72:12:72:26:72:26:72:67":6,"s:73:12:73:Infinity":22,"s:74:12:74:Infinity":23,"b:75:8:80:Infinity:undefined:undefined:undefined:undefined":7,"s:75:8:80:Infinity":24,"b:77:17:77:32:77:32:77:72":8,"s:78:12:78:Infinity":25,"s:79:12:79:Infinity":26,"s:84:4:108:Infinity":27,"f:84:20:84:26":3,"b:85:8:97:Infinity:undefined:undefined:undefined:undefined":9,"s:85:8:97:Infinity":28,"s:87:12:87:Infinity":29,"s:90:12:92:Infinity":30,"f:90:23:90:29":4,"s:91:16:91:Infinity":31,"s:95:12:95:Infinity":32,"s:96:12:96:Infinity":33,"s:99:8:107:Infinity":34,"f:99:15:99:21":5,"s:100:12:100:Infinity":35,"s:101:12:101:Infinity":36,"b:104:12:106:Infinity:undefined:undefined:undefined:undefined":10,"s:104:12:106:Infinity":37,"b:104:16:104:27:104:27:104:58":11,"s:105:16:105:Infinity":38,"s:110:29:110:Infinity":39,"b:110:29:110:40:110:40:110:Infinity":12,"s:112:4:166:Infinity":40,"b:114:13:114:Infinity:115:16:164:Infinity":13,"b:146:33:146:42:146:42:146:Infinity":14}}}
,"C:\\Users\\HieuNgoXuan\\Documents\\Antigravity\\flexible-request-management\\app\\request-management\\src\\lib\\events.ts": {"path":"C:\\Users\\HieuNgoXuan\\Documents\\Antigravity\\flexible-request-management\\app\\request-management\\src\\lib\\events.ts","statementMap":{"0":{"start":{"line":4,"column":57},"end":{"line":4,"column":null}},"1":{"start":{"line":7,"column":8},"end":{"line":9,"column":null}},"2":{"start":{"line":8,"column":12},"end":{"line":8,"column":null}},"3":{"start":{"line":10,"column":8},"end":{"line":10,"column":null}},"4":{"start":{"line":14,"column":8},"end":{"line":14,"column":null}},"5":{"start":{"line":14,"column":33},"end":{"line":14,"column":null}},"6":{"start":{"line":15,"column":8},"end":{"line":15,"column":null}},"7":{"start":{"line":15,"column":61},"end":{"line":15,"column":76}},"8":{"start":{"line":19,"column":8},"end":{"line":19,"column":null}},"9":{"start":{"line":19,"column":33},"end":{"line":19,"column":null}},"10":{"start":{"line":20,"column":8},"end":{"line":20,"column":null}},"11":{"start":{"line":20,"column":47},"end":{"line":20,"column":61}},"12":{"start":{"line":24,"column":28},"end":{"line":24,"column":null}},"13":{"start":{"line":26,"column":27},"end":{"line":29,"column":null}}},"fnMap":{"0":{"name":"(anonymous_0)","decl":{"start":{"line":6,"column":4},"end":{"line":6,"column":7}},"loc":{"start":{"line":6,"column":47},"end":{"line":11,"column":null}},"line":6},"1":{"name":"(anonymous_1)","decl":{"start":{"line":13,"column":4},"end":{"line":13,"column":8}},"loc":{"start":{"line":13,"column":48},"end":{"line":16,"column":null}},"line":13},"2":{"name":"(anonymous_2)","decl":{"start":{"line":15,"column":55},"end":{"line":15,"column":61}},"loc":{"start":{"line":15,"column":61},"end":{"line":15,"column":76}},"line":15},"3":{"name":"(anonymous_3)","decl":{"start":{"line":18,"column":4},"end":{"line":18,"column":9}},"loc":{"start":{"line":18,"column":35},"end":{"line":21,"column":null}},"line":18},"4":{"name":"(anonymous_4)","decl":{"start":{"line":20,"column":35},"end":{"line":20,"column":47}},"loc":{"start":{"line":20,"column":47},"end":{"line":20,"column":61}},"line":20}},"branchMap":{"0":{"loc":{"start":{"line":7,"column":8},"end":{"line":9,"column":null}},"type":"if","locations":[{"start":{"line":7,"column":8},"end":{"line":9,"column":null}},{"start":{},"end":{}}],"line":7},"1":{"loc":{"start":{"line":14,"column":8},"end":{"line":14,"column":null}},"type":"if","locations":[{"start":{"line":14,"column":8},"end":{"line":14,"column":null}},{"start":{},"end":{}}],"line":14},"2":{"loc":{"start":{"line":19,"column":8},"end":{"line":19,"column":null}},"type":"if","locations":[{"start":{"line":19,"column":8},"end":{"line":19,"column":null}},{"start":{},"end":{}}],"line":19}},"s":{"0":1,"1":20,"2":2,"3":20,"4":20,"5":0,"6":20,"7":20,"8":11,"9":0,"10":11,"11":11,"12":1,"13":1},"f":{"0":20,"1":20,"2":20,"3":11,"4":11},"b":{"0":[2,18],"1":[0,20],"2":[0,11]},"meta":{"lastBranch":3,"lastFunction":5,"lastStatement":14,"seen":{"s:4:57:4:Infinity":0,"f:6:4:6:7":0,"b:7:8:9:Infinity:undefined:undefined:undefined:undefined":0,"s:7:8:9:Infinity":1,"s:8:12:8:Infinity":2,"s:10:8:10:Infinity":3,"f:13:4:13:8":1,"b:14:8:14:Infinity:undefined:undefined:undefined:undefined":1,"s:14:8:14:Infinity":4,"s:14:33:14:Infinity":5,"s:15:8:15:Infinity":6,"f:15:55:15:61":2,"s:15:61:15:76":7,"f:18:4:18:9":3,"b:19:8:19:Infinity:undefined:undefined:undefined:undefined":2,"s:19:8:19:Infinity":8,"s:19:33:19:Infinity":9,"s:20:8:20:Infinity":10,"f:20:35:20:47":4,"s:20:47:20:61":11,"s:24:28:24:Infinity":12,"s:26:27:29:Infinity":13}}}
,"C:\\Users\\HieuNgoXuan\\Documents\\Antigravity\\flexible-request-management\\app\\request-management\\src\\lib\\utils.ts": {"path":"C:\\Users\\HieuNgoXuan\\Documents\\Antigravity\\flexible-request-management\\app\\request-management\\src\\lib\\utils.ts","statementMap":{"0":{"start":{"line":5,"column":2},"end":{"line":5,"column":null}}},"fnMap":{"0":{"name":"cn","decl":{"start":{"line":4,"column":16},"end":{"line":4,"column":22}},"loc":{"start":{"line":4,"column":44},"end":{"line":6,"column":null}},"line":4}},"branchMap":{},"s":{"0":33},"f":{"0":33},"b":{},"meta":{"lastBranch":0,"lastFunction":1,"lastStatement":1,"seen":{"f:4:16:4:22":0,"s:5:2:5:Infinity":0}}}
}
